SF:lib/src/api_client.dart
DA:9,1
DA:13,2
DA:14,3
DA:21,4
DA:24,1
DA:32,2
DA:33,2
DA:36,1
DA:39,1
DA:40,3
DA:46,1
DA:50,1
DA:58,2
DA:59,2
DA:62,1
DA:65,1
DA:66,3
DA:72,1
DA:76,1
DA:84,2
DA:85,2
DA:88,1
DA:91,1
DA:92,3
DA:98,1
DA:102,1
DA:110,2
DA:111,2
DA:114,1
DA:117,1
DA:118,3
DA:124,1
DA:127,1
DA:133,2
DA:134,2
DA:135,2
DA:136,1
DA:139,1
DA:141,2
DA:145,1
DA:146,1
DA:147,2
DA:150,1
DA:151,1
DA:153,1
LF:45
LH:45
end_of_record
SF:lib/src/exceptions/api_exceptions.dart
DA:6,2
DA:18,1
DA:20,0
DA:21,0
DA:29,1
DA:31,0
DA:32,0
DA:40,1
DA:42,0
DA:43,0
DA:51,1
DA:53,0
DA:54,0
DA:63,0
DA:66,1
DA:67,0
DA:69,0
DA:70,0
LF:18
LH:6
end_of_record
SF:lib/src/interceptors/logging_interceptor.dart
DA:12,1
DA:16,0
DA:21,0
DA:22,0
DA:23,0
DA:24,0
DA:25,0
DA:27,0
DA:30,0
DA:35,0
DA:36,0
DA:38,0
DA:41,0
DA:46,0
DA:47,0
DA:48,0
DA:49,0
DA:52,0
LF:18
LH:1
end_of_record
