SF:lib/presentation/app/l10n/l10n.dart
DA:7,2
LF:1
LH:1
end_of_record
SF:lib/presentation/app/router/app_router.dart
DA:8,0
DA:11,0
DA:14,0
DA:19,0
DA:21,0
DA:22,0
DA:25,0
DA:26,0
DA:27,0
DA:30,0
DA:32,0
DA:35,0
DA:36,0
DA:37,0
LF:14
LH:0
end_of_record
SF:lib/presentation/app/state_management/favorites_cubit/favorites_state.dart
DA:9,0
DA:10,0
LF:2
LH:0
end_of_record
SF:lib/presentation/app/state_management/favorites_cubit/favorites_cubit.dart
DA:12,0
DA:14,0
DA:15,0
DA:16,0
DA:18,0
DA:19,0
DA:22,0
DA:23,0
DA:24,0
DA:26,0
DA:27,0
DA:30,0
DA:31,0
DA:32,0
DA:34,0
DA:35,0
DA:38,0
DA:40,0
DA:43,0
DA:45,0
LF:20
LH:0
end_of_record
SF:lib/presentation/app/state_management/favorites_cubit/favorites_cubit.g.dart
DA:9,0
DA:10,0
DA:11,0
DA:12,0
DA:15,0
DA:16,0
LF:6
LH:0
end_of_record
SF:lib/injection_container/config_dependencies.dart
DA:8,0
DA:12,0
DA:13,0
DA:14,0
DA:16,0
DA:17,0
DA:19,0
LF:7
LH:0
end_of_record
SF:lib/injection_container/presentation/config_presentation.dart
DA:7,0
DA:14,0
LF:2
LH:0
end_of_record
SF:lib/injection_container/packages/packages_config_dependencies.dart
DA:10,0
DA:17,0
LF:2
LH:0
end_of_record
SF:lib/injection_container/packages/modules/api_client/api_client_module.dart
DA:7,0
DA:9,0
DA:10,0
DA:11,0
DA:13,0
DA:20,0
DA:21,0
LF:7
LH:0
end_of_record
SF:lib/injection_container/packages/modules/restaurants_repository/restaurants_repository_module.dart
DA:8,0
DA:11,0
LF:2
LH:0
end_of_record
SF:lib/injection_container/packages/packages_config_dependencies.config.dart
DA:20,0
DA:25,0
DA:30,0
DA:31,0
DA:32,0
DA:33,0
DA:36,0
DA:37,0
LF:8
LH:0
end_of_record
SF:lib/injection_container/presentation/config_presentation.config.dart
DA:27,0
DA:32,0
DA:37,0
DA:38,0
DA:39,0
DA:40,0
DA:41,0
DA:42,0
DA:43,0
DA:44,0
DA:45,0
DA:46,0
DA:48,0
LF:13
LH:0
end_of_record
SF:lib/presentation/app/state_management/pagination_cubit/pagination_cubit.dart
DA:18,0
DA:24,0
DA:25,0
DA:31,0
DA:34,0
DA:36,0
DA:37,0
DA:43,0
DA:44,0
DA:46,0
DA:48,0
DA:49,0
DA:50,0
DA:51,0
DA:52,0
DA:55,0
DA:56,0
DA:57,0
DA:61,0
DA:63,0
DA:65,0
DA:66,0
DA:69,0
DA:70,0
DA:71,0
DA:72,0
DA:75,0
DA:76,0
DA:77,0
DA:78,0
DA:79,0
DA:81,0
DA:82,0
DA:83,0
DA:90,0
DA:91,0
DA:94,0
DA:96,0
DA:100,0
DA:104,0
DA:105,0
DA:106,0
DA:107,0
DA:108,0
DA:113,0
DA:116,0
DA:117,0
DA:122,0
DA:125,0
DA:126,0
DA:127,0
DA:128,0
DA:134,0
DA:135,0
DA:136,0
DA:140,0
DA:141,0
DA:142,0
DA:146,0
DA:149,0
DA:150,0
DA:151,0
DA:152,0
DA:154,0
DA:157,0
DA:160,0
DA:161,0
DA:162,0
DA:163,0
DA:165,0
DA:167,0
DA:169,0
LF:72
LH:0
end_of_record
SF:lib/presentation/app/state_management/pagination_cubit/pagination_state.dart
DA:5,0
DA:21,0
DA:22,0
DA:23,0
DA:24,0
DA:25,0
DA:26,0
DA:27,0
DA:28,0
DA:31,0
DA:39,0
DA:40,0
DA:41,0
DA:42,0
DA:43,0
DA:44,0
DA:45,0
DA:51,0
DA:59,0
DA:68,0
DA:69,0
DA:70,0
DA:71,0
DA:72,0
DA:73,0
DA:74,0
DA:75,0
DA:80,0
LF:28
LH:0
end_of_record
SF:lib/presentation/home/state_management/home_cubit/home_cubit.dart
DA:8,0
DA:10,0
DA:11,0
DA:17,0
DA:22,0
LF:5
LH:0
end_of_record
SF:lib/presentation/home/state_management/home_tab_controller_cubit/home_tab_controller_cubit.dart
DA:10,0
DA:11,0
DA:15,0
DA:16,0
DA:19,0
DA:20,0
LF:6
LH:0
end_of_record
SF:lib/presentation/restaurant_details/state_management/restaurant_details_cubit/restaurant_details_cubit.dart
DA:11,0
DA:13,0
DA:14,0
LF:3
LH:0
end_of_record
SF:lib/presentation/app/constants/light_theme_colors.dart
DA:5,3
LF:1
LH:1
end_of_record
SF:lib/presentation/app/helpers/theme_helper.dart
DA:5,1
DA:6,2
LF:2
LH:2
end_of_record
SF:lib/presentation/app/themes/app_theme.dart
DA:6,2
DA:10,1
DA:11,1
DA:12,1
DA:13,2
DA:15,1
DA:20,1
DA:21,1
DA:22,1
DA:27,1
DA:32,1
DA:37,1
DA:42,1
DA:47,1
DA:52,1
DA:58,1
LF:16
LH:16
end_of_record
SF:lib/presentation/app/themes/colors/app_colors.dart
DA:4,1
LF:1
LH:1
end_of_record
SF:lib/presentation/app/themes/extensions/app_theme_extension.dart
DA:5,1
DA:13,0
DA:18,0
DA:19,0
DA:20,0
DA:24,0
DA:29,0
DA:32,0
DA:33,0
DA:34,0
DA:35,0
DA:36,0
DA:39,0
DA:40,0
DA:41,0
DA:44,0
DA:45,0
DA:46,0
DA:49,0
DA:50,0
DA:51,0
DA:54,0
DA:55,0
DA:56,0
DA:59,0
DA:60,0
DA:61,0
DA:64,0
DA:65,0
DA:66,0
DA:69,0
DA:70,0
DA:71,0
DA:75,0
DA:76,0
DA:77,0
DA:78,0
DA:81,0
DA:82,0
DA:83,0
DA:86,0
DA:87,0
DA:88,0
DA:91,0
DA:92,0
DA:93,0
DA:96,0
DA:97,0
DA:98,0
DA:101,0
DA:102,0
DA:103,0
LF:52
LH:1
end_of_record
SF:lib/presentation/app/themes/typography/app_typography.dart
DA:5,1
LF:1
LH:1
end_of_record
SF:lib/presentation/app/widgets/circle.dart
DA:4,1
DA:13,1
DA:15,1
DA:16,1
DA:17,1
DA:18,1
DA:19,1
LF:7
LH:7
end_of_record
SF:lib/presentation/app/widgets/loading_spinner.dart
DA:6,1
DA:11,0
DA:17,0
DA:19,0
DA:20,0
DA:21,0
DA:22,0
DA:23,0
DA:24,0
DA:25,0
DA:26,0
LF:11
LH:1
end_of_record
SF:lib/presentation/app/widgets/restaurant_info.dart
DA:5,1
DA:14,1
DA:16,1
DA:17,1
DA:19,1
DA:20,3
DA:21,1
LF:7
LH:7
end_of_record
SF:lib/presentation/app/widgets/restaurant_status.dart
DA:8,1
DA:15,1
DA:17,1
DA:18,1
DA:19,1
DA:20,1
DA:22,1
DA:23,1
DA:25,1
DA:26,1
DA:27,1
DA:30,1
DA:32,1
DA:33,1
DA:35,2
DA:38,1
LF:16
LH:16
end_of_record
SF:lib/presentation/app/widgets/stars.dart
DA:6,2
DA:15,1
DA:17,1
DA:18,3
DA:19,0
DA:23,2
DA:24,1
LF:7
LH:6
end_of_record
SF:lib/presentation/home/view/home_page.dart
DA:9,1
DA:11,0
DA:13,0
DA:15,0
DA:16,0
DA:17,0
DA:18,0
DA:20,0
DA:21,0
LF:9
LH:1
end_of_record
SF:lib/presentation/home/view/home_view.dart
DA:7,1
DA:9,0
DA:10,0
DA:16,0
DA:18,0
DA:19,0
DA:26,0
DA:28,0
DA:30,0
DA:32,0
DA:33,0
DA:34,0
DA:35,0
DA:36,0
DA:39,0
DA:41,0
LF:16
LH:1
end_of_record
SF:lib/presentation/home/widgets/favorites_list.dart
DA:7,1
DA:9,0
DA:11,0
DA:12,0
DA:13,0
DA:14,0
DA:15,0
DA:17,0
DA:18,0
DA:19,0
DA:20,0
DA:21,0
DA:22,0
LF:13
LH:1
end_of_record
SF:lib/presentation/home/widgets/home_app_bar.dart
DA:9,1
DA:13,0
DA:14,0
DA:16,0
DA:23,0
DA:25,0
DA:26,0
DA:29,0
DA:31,0
DA:32,0
DA:33,0
DA:34,0
DA:36,0
DA:37,0
DA:38,0
DA:39,0
DA:40,0
DA:41,0
DA:42,0
DA:43,0
DA:44,0
DA:45,0
DA:47,0
DA:48,0
DA:49,0
DA:52,0
DA:53,0
DA:54,0
DA:55,0
DA:57,0
DA:60,0
DA:61,0
DA:62,0
DA:63,0
DA:64,0
DA:67,0
DA:68,0
DA:69,0
DA:70,0
LF:39
LH:1
end_of_record
SF:lib/presentation/home/widgets/restaurant_item.dart
DA:10,1
DA:17,1
DA:19,1
DA:20,1
DA:21,1
DA:23,1
DA:30,1
DA:31,1
DA:32,1
DA:33,1
DA:34,2
DA:40,1
DA:42,1
DA:44,0
DA:46,0
DA:48,1
DA:49,1
DA:50,1
DA:51,1
DA:52,1
DA:53,2
DA:55,1
DA:56,1
DA:60,1
DA:61,1
DA:62,1
DA:63,1
DA:66,1
DA:67,1
DA:69,4
DA:72,1
DA:75,1
DA:76,1
DA:78,1
DA:79,1
DA:80,2
DA:81,2
DA:84,3
DA:87,3
LF:39
LH:37
end_of_record
SF:lib/presentation/home/widgets/restaurants_list.dart
DA:11,1
DA:13,0
DA:15,0
DA:16,0
DA:17,0
DA:18,0
DA:19,0
DA:21,0
DA:24,0
DA:34,0
DA:35,0
LF:11
LH:1
end_of_record
SF:lib/presentation/restaurant_details/view/restaurant_details_page.dart
DA:9,0
DA:12,0
DA:18,0
DA:20,0
DA:21,0
DA:22,0
DA:23,0
LF:7
LH:0
end_of_record
SF:lib/presentation/restaurant_details/view/restaurant_details_view.dart
DA:9,1
DA:11,0
DA:13,0
DA:14,0
DA:15,0
DA:17,0
DA:19,0
DA:20,0
DA:21,0
DA:22,0
DA:23,0
DA:24,0
LF:12
LH:1
end_of_record
SF:lib/presentation/restaurant_details/widgets/address_section.dart
DA:10,1
DA:12,0
DA:14,0
DA:15,0
DA:16,0
DA:18,0
DA:19,0
DA:20,0
DA:23,0
DA:25,0
DA:26,0
DA:28,0
DA:29,0
DA:30,0
LF:14
LH:1
end_of_record
SF:lib/presentation/restaurant_details/widgets/details_app_bar.dart
DA:10,1
DA:14,0
DA:16,0
DA:17,0
DA:18,0
DA:20,0
DA:21,0
DA:22,0
DA:25,0
DA:26,0
DA:27,0
DA:28,0
DA:29,0
DA:30,0
DA:32,0
DA:34,0
DA:40,0
LF:17
LH:1
end_of_record
SF:lib/presentation/restaurant_details/widgets/favorite_button.dart
DA:9,1
DA:11,0
DA:13,0
DA:14,0
DA:16,0
DA:17,0
DA:18,0
DA:21,0
DA:22,0
DA:23,0
DA:24,0
DA:26,0
DA:27,0
DA:29,0
DA:31,0
DA:34,0
DA:35,0
DA:37,0
DA:38,0
LF:19
LH:1
end_of_record
SF:lib/presentation/restaurant_details/widgets/info_section.dart
DA:8,1
DA:10,0
DA:12,0
DA:13,0
DA:14,0
DA:17,0
DA:19,0
DA:20,0
DA:21,0
DA:22,0
DA:24,0
LF:11
LH:1
end_of_record
SF:lib/presentation/restaurant_details/widgets/rating_section.dart
DA:11,1
DA:13,0
DA:15,0
DA:16,0
DA:17,0
DA:19,0
DA:20,0
DA:21,0
DA:24,0
DA:26,0
DA:27,0
DA:29,0
DA:31,0
DA:32,0
DA:33,0
DA:34,0
LF:16
LH:1
end_of_record
SF:lib/presentation/restaurant_details/widgets/review_item.dart
DA:8,0
DA:15,0
DA:17,0
DA:18,0
DA:20,0
DA:22,0
DA:23,0
DA:25,0
DA:27,0
DA:28,0
DA:29,0
DA:30,0
DA:31,0
DA:38,0
DA:39,0
DA:40,0
LF:16
LH:0
end_of_record
SF:lib/presentation/restaurant_details/widgets/reviews_section.dart
DA:11,1
DA:13,0
DA:15,0
DA:16,0
DA:17,0
DA:19,0
DA:20,0
DA:21,0
DA:23,0
DA:25,0
DA:27,0
DA:28,0
DA:29,0
DA:30,0
DA:34,0
DA:35,0
DA:37,0
LF:17
LH:1
end_of_record
